2026-01-19 17:59:31,309 - INFO - IMPUTATION TECHNIQUE : MEAN
2026-01-19 17:59:31,327 - INFO - Remaining missing values: 0
2026-01-19 17:59:31,327 - INFO - IMPUTATION TECHNIQUE : MEDIAN
2026-01-19 17:59:31,346 - INFO - Remaining missing values: 0
2026-01-19 17:59:31,346 - INFO - IMPUTATION TECHNIQUE : MODE
2026-01-19 17:59:31,364 - INFO - Remaining missing values: 0
2026-01-19 17:59:31,364 - INFO - IMPUTATION TECHNIQUE : CONSTANT
2026-01-19 17:59:31,380 - INFO - Remaining missing values: 0
2026-01-19 17:59:31,380 - INFO - IMPUTATION TECHNIQUE : ARBITRARY
2026-01-19 17:59:31,395 - INFO - Remaining missing values: 0
2026-01-19 17:59:31,395 - INFO - IMPUTATION TECHNIQUE : END_DISTRIBUTION
2026-01-19 17:59:31,401 - INFO - Remaining missing values: 0
2026-01-19 17:59:31,402 - INFO - IMPUTATION TECHNIQUE : FORWARD_FILL
2026-01-19 17:59:31,422 - INFO - Remaining missing values: 0
2026-01-19 17:59:31,422 - INFO - IMPUTATION TECHNIQUE : BACKWARD_FILL
2026-01-19 17:59:31,441 - INFO - Remaining missing values: 0
2026-01-19 17:59:31,442 - INFO - IMPUTATION TECHNIQUE : INTERPOLATION
2026-01-19 17:59:31,460 - INFO - Remaining missing values: 0
2026-01-19 17:59:31,460 - INFO - IMPUTATION TECHNIQUE : RANDOM
2026-01-19 17:59:31,473 - INFO - Remaining missing values: 0
2026-01-19 17:59:31,473 - INFO - IMPUTATION TECHNIQUE : SIMPLE
2026-01-19 17:59:31,495 - INFO - Remaining missing values: 0
2026-01-19 17:59:31,495 - INFO - IMPUTATION TECHNIQUE : KNN
2026-01-19 17:59:31,517 - INFO - Remaining missing values: 0
2026-01-19 17:59:31,517 - INFO - IMPUTATION TECHNIQUE : MICE
2026-01-19 17:59:31,591 - INFO - Remaining missing values: 0
2026-01-19 17:59:31,591 - INFO - IMPUTATION TECHNIQUE : BAYESIAN
2026-01-19 17:59:31,609 - INFO - Remaining missing values: 0
2026-01-19 17:59:31,625 - INFO - BEST TECHNIQUE: RANDOM | Score: 0.0416
